<?xml version="1.0" encoding="UTF-8"?>
<!-- Generated by org.testng.reporters.JUnitReportReporter -->
<testsuite hostname="student-virtual-machine" name="com.assignment3.AppTest" tests="1" failures="0" timestamp="13 Mar 2016 15:41:49 GMT" time="0.002" errors="0">
  <testcase name="testApp" time="0.002" classname="com.assignment3.AppTest"/>
</testsuite> <!-- com.assignment3.AppTest -->
